2026-05-03 05:31:30,043 | ============================================================
2026-05-03 05:31:30,045 | Spectral GA-KAN Experiment: MountainCar-v0
2026-05-03 05:31:30,045 | ============================================================
2026-05-03 05:31:30,046 | Config: obs=2, act=3, d_max=4, u_max=16, degree_max=10
2026-05-03 05:31:30,046 | Chromosome length: 602 bits
2026-05-03 05:31:30,047 | Population: 30, Generations: 30
2026-05-03 05:31:30,047 | Train iters: new=25, elite=80
2026-05-03 05:31:30,048 | Variant: novelty
2026-05-03 05:31:30,048 | Novelty Search ENABLED: weight=0.3, k=5
2026-05-03 05:31:49,756 | Gen 1/30 | Best Reward: -196.29 | Avg Reward: -198.60 | Valid: 30/30 | Novelty: 0.043 | Archive: 2
2026-05-03 05:32:04,894 | Gen 2/30 | Best Reward: -195.70 | Avg Reward: -197.79 | Valid: 30/30 | Novelty: 0.036 | Archive: 7
2026-05-03 05:32:20,316 | Gen 3/30 | Best Reward: -195.70 | Avg Reward: -198.12 | Valid: 30/30 | Novelty: 0.034 | Archive: 8
2026-05-03 05:32:34,652 | Gen 4/30 | Best Reward: -195.70 | Avg Reward: -198.49 | Valid: 30/30 | Novelty: 0.035 | Archive: 13
2026-05-03 05:32:48,612 | Gen 5/30 | Best Reward: -195.52 | Avg Reward: -197.67 | Valid: 30/30 | Novelty: 0.036 | Archive: 14
2026-05-03 05:33:02,811 | Gen 6/30 | Best Reward: -195.52 | Avg Reward: -197.43 | Valid: 30/30 | Novelty: 0.028 | Archive: 20
2026-05-03 05:33:15,538 | Gen 7/30 | Best Reward: -193.23 | Avg Reward: -197.10 | Valid: 30/30 | Novelty: 0.031 | Archive: 24
2026-05-03 05:33:28,943 | Gen 8/30 | Best Reward: -193.23 | Avg Reward: -197.68 | Valid: 30/30 | Novelty: 0.024 | Archive: 28
2026-05-03 05:33:42,460 | Gen 9/30 | Best Reward: -193.23 | Avg Reward: -197.23 | Valid: 30/30 | Novelty: 0.034 | Archive: 31
2026-05-03 05:33:55,054 | Gen 10/30 | Best Reward: -193.23 | Avg Reward: -197.12 | Valid: 30/30 | Novelty: 0.028 | Archive: 33
2026-05-03 05:34:09,018 | Gen 11/30 | Best Reward: -193.23 | Avg Reward: -196.96 | Valid: 30/30 | Novelty: 0.021 | Archive: 36
2026-05-03 05:34:23,561 | Gen 12/30 | Best Reward: -190.66 | Avg Reward: -197.04 | Valid: 30/30 | Novelty: 0.028 | Archive: 40
2026-05-03 05:34:36,175 | Gen 13/30 | Best Reward: -190.66 | Avg Reward: -196.48 | Valid: 30/30 | Novelty: 0.032 | Archive: 42
2026-05-03 05:34:50,978 | Gen 14/30 | Best Reward: -190.66 | Avg Reward: -196.50 | Valid: 30/30 | Novelty: 0.034 | Archive: 44
2026-05-03 05:35:26,470 | Gen 15/30 | Best Reward: 97.20 | Avg Reward: -185.90 | Valid: 30/30 | Novelty: 0.059 | Archive: 48
2026-05-03 05:36:02,834 | Gen 16/30 | Best Reward: 114.93 | Avg Reward: -164.79 | Valid: 30/30 | Novelty: 0.074 | Archive: 52
2026-05-03 05:36:51,435 | Gen 17/30 | Best Reward: 120.26 | Avg Reward: -123.91 | Valid: 30/30 | Novelty: 0.040 | Archive: 55
2026-05-03 05:38:20,228 | Gen 18/30 | Best Reward: 123.39 | Avg Reward: 9.24 | Valid: 30/30 | Novelty: 0.027 | Archive: 58
2026-05-03 05:39:41,772 | Gen 19/30 | Best Reward: 123.39 | Avg Reward: 60.87 | Valid: 30/30 | Novelty: 0.012 | Archive: 59
2026-05-03 05:41:10,133 | Gen 20/30 | Best Reward: 123.39 | Avg Reward: 80.28 | Valid: 30/30 | Novelty: 0.012 | Archive: 64
2026-05-03 05:42:16,458 | Gen 21/30 | Best Reward: 123.39 | Avg Reward: 90.31 | Valid: 30/30 | Novelty: 0.011 | Archive: 71
2026-05-03 05:43:30,057 | Gen 22/30 | Best Reward: 123.39 | Avg Reward: 84.16 | Valid: 30/30 | Novelty: 0.015 | Archive: 74
2026-05-03 05:44:28,688 | Gen 23/30 | Best Reward: 123.39 | Avg Reward: 93.77 | Valid: 30/30 | Novelty: 0.009 | Archive: 77
2026-05-03 05:45:56,686 | Gen 24/30 | Best Reward: 123.39 | Avg Reward: 106.52 | Valid: 30/30 | Novelty: 0.008 | Archive: 80
2026-05-03 05:47:05,121 | Gen 25/30 | Best Reward: 123.39 | Avg Reward: 104.49 | Valid: 30/30 | Novelty: 0.008 | Archive: 81
2026-05-03 05:48:15,873 | Gen 26/30 | Best Reward: 124.69 | Avg Reward: 106.95 | Valid: 30/30 | Novelty: 0.009 | Archive: 86
2026-05-03 05:49:31,912 | Gen 27/30 | Best Reward: 124.69 | Avg Reward: 85.94 | Valid: 30/30 | Novelty: 0.010 | Archive: 95
2026-05-03 05:50:32,506 | Gen 28/30 | Best Reward: 124.69 | Avg Reward: 104.52 | Valid: 30/30 | Novelty: 0.009 | Archive: 97
2026-05-03 05:51:51,663 | Gen 29/30 | Best Reward: 124.83 | Avg Reward: 103.74 | Valid: 30/30 | Novelty: 0.007 | Archive: 101
2026-05-03 05:53:00,621 | Gen 30/30 | Best Reward: 124.83 | Avg Reward: 107.55 | Valid: 30/30 | Novelty: 0.006 | Archive: 104
2026-05-03 05:53:00,628 | 
Optimization complete in 1290.6s
2026-05-03 05:53:00,629 | Best GA fitness (neg reward): -124.8277
2026-05-03 05:53:00,630 | Best GA reward: 124.8277
2026-05-03 05:53:00,630 | Best architecture: width=[2, 15, 3], degree=10
2026-05-03 05:53:00,631 | Estimated params: 825
2026-05-03 05:53:00,631 | 
Running final evaluation (100 episodes, greedy)...
2026-05-03 05:53:03,358 | Final Policy: mean=-102.63 ± 6.36, min=-112.00, max=-83.00
2026-05-03 05:53:03,359 | 
Saving model...
2026-05-03 05:53:03,372 | Model saved to /__modal/volumes/vo-FFjTvIREqs5uPWSvFXC1EB/experiments/results_spectral_novelty/MountainCar-v0
2026-05-03 05:53:03,373 | 
Recording video of best policy...
2026-05-03 05:53:05,978 | Videos saved to /__modal/volumes/vo-FFjTvIREqs5uPWSvFXC1EB/experiments/results_spectral_novelty/MountainCar-v0/videos
2026-05-03 05:53:05,982 | Results saved to /__modal/volumes/vo-FFjTvIREqs5uPWSvFXC1EB/experiments/results_spectral_novelty/MountainCar-v0/MountainCar-v0_spectral_results.json
2026-05-03 05:53:05,991 | 
Spectral Energy Distribution:
2026-05-03 05:53:05,992 |   Layer 0 (2→15): [T0=6.6433, T1=3.3244, T2=0.8410, T3=2.8679, T4=0.4635, T5=6.6930, T6=4.1019, T7=6.7014, T8=1.8113, T9=6.0199, T10=3.0159]
2026-05-03 05:53:05,992 |   Layer 1 (15→3): [T0=2.8770, T1=2.2636, T2=2.5907, T3=1.6432, T4=1.6455, T5=4.4140, T6=10.5576, T7=4.4734, T8=5.1146, T9=4.1883, T10=4.3065]
