2026-05-02 16:17:32,378 | ============================================================
2026-05-02 16:17:32,378 | Spectral GA-KAN Experiment: Acrobot-v1
2026-05-02 16:17:32,379 | ============================================================
2026-05-02 16:17:32,379 | Config: obs=6, act=3, d_max=4, u_max=20, degree_max=10
2026-05-02 16:17:32,380 | Chromosome length: 990 bits
2026-05-02 16:17:32,380 | Population: 24, Generations: 15
2026-05-02 16:17:32,381 | Train iters: new=8, elite=25
2026-05-02 16:17:59,916 | Gen 1/15 | Best Reward: -288.12 | Avg Reward: -477.68 | Valid: 24/24
2026-05-02 16:18:17,234 | Gen 2/15 | Best Reward: -194.50 | Avg Reward: -441.47 | Valid: 24/24
2026-05-02 16:18:35,549 | Gen 3/15 | Best Reward: -112.88 | Avg Reward: -397.43 | Valid: 24/24
2026-05-02 16:18:52,140 | Gen 4/15 | Best Reward: -110.62 | Avg Reward: -369.86 | Valid: 24/24
2026-05-02 16:19:12,883 | Gen 5/15 | Best Reward: -104.38 | Avg Reward: -321.52 | Valid: 24/24
2026-05-02 16:19:29,478 | Gen 6/15 | Best Reward: -104.38 | Avg Reward: -258.64 | Valid: 24/24
2026-05-02 16:19:45,497 | Gen 7/15 | Best Reward: -92.88 | Avg Reward: -148.31 | Valid: 24/24
2026-05-02 16:19:57,482 | Gen 8/15 | Best Reward: -84.12 | Avg Reward: -94.84 | Valid: 24/24
2026-05-02 16:20:08,275 | Gen 9/15 | Best Reward: -84.12 | Avg Reward: -89.91 | Valid: 24/24
2026-05-02 16:20:18,326 | Gen 10/15 | Best Reward: -82.62 | Avg Reward: -87.95 | Valid: 24/24
2026-05-02 16:20:30,507 | Gen 11/15 | Best Reward: -79.00 | Avg Reward: -135.29 | Valid: 24/24
2026-05-02 16:20:42,488 | Gen 12/15 | Best Reward: -79.00 | Avg Reward: -84.59 | Valid: 24/24
2026-05-02 16:20:52,855 | Gen 13/15 | Best Reward: -78.75 | Avg Reward: -84.00 | Valid: 24/24
2026-05-02 16:21:02,590 | Gen 14/15 | Best Reward: -77.62 | Avg Reward: -113.44 | Valid: 24/24
2026-05-02 16:21:12,074 | Gen 15/15 | Best Reward: -77.62 | Avg Reward: -82.02 | Valid: 24/24
2026-05-02 16:21:12,085 | 
Optimization complete in 219.7s
2026-05-02 16:21:12,085 | Best GA fitness (neg reward): 77.6250
2026-05-02 16:21:12,086 | Best GA reward: -77.6250
2026-05-02 16:21:12,087 | Best architecture: width=[6, 3], degree=10
2026-05-02 16:21:12,087 | Estimated params: 198
2026-05-02 16:21:12,088 | 
Running final evaluation (100 episodes, greedy)...
2026-05-02 16:21:15,578 | Final Policy: mean=-96.05 ± 34.73, min=-263.00, max=-63.00
2026-05-02 16:21:15,579 | 
Saving model...
2026-05-02 16:21:15,586 | Model saved to /__modal/volumes/vo-FFjTvIREqs5uPWSvFXC1EB/experiments/results_spectral/Acrobot-v1
2026-05-02 16:21:15,587 | 
Recording video of best policy...
2026-05-02 16:21:17,861 | Videos saved to /__modal/volumes/vo-FFjTvIREqs5uPWSvFXC1EB/experiments/results_spectral/Acrobot-v1/videos
2026-05-02 16:21:17,866 | Results saved to /__modal/volumes/vo-FFjTvIREqs5uPWSvFXC1EB/experiments/results_spectral/Acrobot-v1/Acrobot-v1_spectral_results.json
2026-05-02 16:21:17,874 | 
Spectral Energy Distribution:
2026-05-02 16:21:17,874 |   Layer 0 (6→3): [T0=3.0110, T1=2.7094, T2=0.3797, T3=0.4243, T4=0.3120, T5=0.3788, T6=0.2529, T7=0.2312, T8=0.2782, T9=0.3559, T10=0.2486]
