2026-05-02 16:21:17,881 | ============================================================
2026-05-02 16:21:17,882 | Spectral GA-KAN Experiment: LunarLander-v3
2026-05-02 16:21:17,882 | ============================================================
2026-05-02 16:21:17,883 | Config: obs=8, act=4, d_max=4, u_max=24, degree_max=10
2026-05-02 16:21:17,883 | Chromosome length: 1450 bits
2026-05-02 16:21:17,883 | Population: 24, Generations: 15
2026-05-02 16:21:17,884 | Train iters: new=8, elite=25
2026-05-02 16:21:33,988 | Gen 1/15 | Best Reward: -87.64 | Avg Reward: -146.88 | Valid: 24/24
2026-05-02 16:21:41,862 | Gen 2/15 | Best Reward: -26.25 | Avg Reward: -111.63 | Valid: 24/24
2026-05-02 16:21:55,727 | Gen 3/15 | Best Reward: 3.49 | Avg Reward: -126.23 | Valid: 24/24
2026-05-02 16:22:10,447 | Gen 4/15 | Best Reward: 51.02 | Avg Reward: -127.81 | Valid: 24/24
2026-05-02 16:22:26,006 | Gen 5/15 | Best Reward: 89.51 | Avg Reward: -102.33 | Valid: 24/24
2026-05-02 16:22:42,043 | Gen 6/15 | Best Reward: 124.30 | Avg Reward: 5.00 | Valid: 24/24
2026-05-02 16:22:57,963 | Gen 7/15 | Best Reward: 135.93 | Avg Reward: 16.26 | Valid: 24/24
2026-05-02 16:23:28,182 | Gen 8/15 | Best Reward: 165.59 | Avg Reward: 123.17 | Valid: 24/24
2026-05-02 16:23:58,052 | Gen 9/15 | Best Reward: 165.59 | Avg Reward: 111.48 | Valid: 24/24
2026-05-02 16:24:28,402 | Gen 10/15 | Best Reward: 167.90 | Avg Reward: 134.83 | Valid: 24/24
2026-05-02 16:24:58,873 | Gen 11/15 | Best Reward: 176.51 | Avg Reward: 152.25 | Valid: 24/24
2026-05-02 16:25:29,140 | Gen 12/15 | Best Reward: 182.02 | Avg Reward: 159.93 | Valid: 24/24
2026-05-02 16:25:59,402 | Gen 13/15 | Best Reward: 182.02 | Avg Reward: 148.04 | Valid: 24/24
2026-05-02 16:26:29,832 | Gen 14/15 | Best Reward: 182.74 | Avg Reward: 160.86 | Valid: 24/24
2026-05-02 16:26:59,986 | Gen 15/15 | Best Reward: 191.11 | Avg Reward: 128.47 | Valid: 24/24
2026-05-02 16:26:59,998 | 
Optimization complete in 342.1s
2026-05-02 16:26:59,998 | Best GA fitness (neg reward): -191.1084
2026-05-02 16:27:00,000 | Best GA reward: 191.1084
2026-05-02 16:27:00,000 | Best architecture: width=[8, 4], degree=7
2026-05-02 16:27:00,001 | Estimated params: 256
2026-05-02 16:27:00,002 | 
Running final evaluation (100 episodes, greedy)...
2026-05-02 16:27:18,304 | Final Policy: mean=141.76 ± 77.77, min=-42.95, max=253.17
2026-05-02 16:27:18,306 | 
Saving model...
2026-05-02 16:27:18,314 | Model saved to /__modal/volumes/vo-FFjTvIREqs5uPWSvFXC1EB/experiments/results_spectral/LunarLander-v3
2026-05-02 16:27:18,315 | 
Recording video of best policy...
2026-05-02 16:27:28,585 | Videos saved to /__modal/volumes/vo-FFjTvIREqs5uPWSvFXC1EB/experiments/results_spectral/LunarLander-v3/videos
2026-05-02 16:27:28,589 | Results saved to /__modal/volumes/vo-FFjTvIREqs5uPWSvFXC1EB/experiments/results_spectral/LunarLander-v3/LunarLander-v3_spectral_results.json
2026-05-02 16:27:28,597 | 
Spectral Energy Distribution:
2026-05-02 16:27:28,597 |   Layer 0 (8→4): [T0=4.0958, T1=3.6467, T2=0.7556, T3=2.4186, T4=1.8066, T5=2.1149, T6=1.1363, T7=1.5196]
